# JRE version: Java(TM) SE Runtime Environment Oracle GraalVM 21.0.1+12.1 (21.0.1+12) (build 21.0.1+12-jvmci-23.1-b19)
# Java VM: Java HotSpot(TM) 64-Bit Server VM Oracle GraalVM 21.0.1+12.1 (21.0.1+12-jvmci-23.1-b19, mixed mode, sharing, tiered, jvmci, jvmci compiler, compressed oops, compressed class ptrs, g1 gc, linux-amd64)
GC Precious Log:
 CardTable entry size: 512
 Card Set container configuration: InlinePtr #cards 5 size 8 Array Of Cards #cards 12 size 40 Howl #buckets 4 coarsen threshold 1843 Howl Bitmap #cards 512 size 80 coarsen threshold 460 Card regions per heap region 1 cards per card region 2048
 CPUs: 4 total, 4 available
 Memory: 7687M
 Large Page Support: Disabled
 NUMA Support: Disabled
 Compressed Oops: Enabled (32-bit)
 Heap Region Size: 1M
 Heap Min Capacity: 8M
 Heap Initial Capacity: 122M
 Heap Max Capacity: 1922M
 Pre-touch: Disabled
 Parallel Workers: 4
 Concurrent Workers: 1
 Concurrent Refinement Workers: 4
 Periodic GC: Disabled
Heap:
 garbage-first heap   total 580608K, used 219367K [0x0000000087e00000, 0x0000000100000000)
  region size 1024K, 26 young (26624K), 7 survivors (7168K)
 Metaspace       used 17196K, committed 17536K, reserved 1114112K
  class space    used 1518K, committed 1664K, reserved 1048576K
GC Heap History (20 events):
Event: 1.040 GC heap before
{Heap before GC invocations=1 (full 0):
 garbage-first heap   total 125952K, used 21083K [0x0000000087e00000, 0x0000000100000000)
  region size 1024K, 19 young (19456K), 2 survivors (2048K)
 Metaspace       used 13780K, committed 14016K, reserved 1114112K
  class space    used 1278K, committed 1408K, reserved 1048576K
}
Event: 1.047 GC heap after
{Heap after GC invocations=2 (full 0):
 garbage-first heap   total 125952K, used 5817K [0x0000000087e00000, 0x0000000100000000)
  region size 1024K, 2 young (2048K), 2 survivors (2048K)
 Metaspace       used 13780K, committed 14016K, reserved 1114112K
  class space    used 1278K, committed 1408K, reserved 1048576K
}
Event: 1.635 GC heap before
{Heap before GC invocations=2 (full 0):
 garbage-first heap   total 125952K, used 77497K [0x0000000087e00000, 0x0000000100000000)
  region size 1024K, 73 young (74752K), 2 survivors (2048K)
 Metaspace       used 16429K, committed 16704K, reserved 1114112K
  class space    used 1462K, committed 1600K, reserved 1048576K
}
Event: 1.652 GC heap after
{Heap after GC invocations=3 (full 0):
 garbage-first heap   total 125952K, used 14009K [0x0000000087e00000, 0x0000000100000000)
  region size 1024K, 10 young (10240K), 10 survivors (10240K)
 Metaspace       used 16429K, committed 16704K, reserved 1114112K
  class space    used 1462K, committed 1600K, reserved 1048576K
}
Event: 1.779 GC heap before
{Heap before GC invocations=3 (full 0):
 garbage-first heap   total 125952K, used 78521K [0x0000000087e00000, 0x0000000100000000)
  region size 1024K, 73 young (74752K), 10 survivors (10240K)
 Metaspace       used 16438K, committed 16704K, reserved 1114112K
  class space    used 1462K, committed 1600K, reserved 1048576K
}
Event: 1.797 GC heap after
{Heap after GC invocations=4 (full 0):
 garbage-first heap   total 125952K, used 22416K [0x0000000087e00000, 0x0000000100000000)
  region size 1024K, 9 young (9216K), 9 survivors (9216K)
 Metaspace       used 16438K, committed 16704K, reserved 1114112K
  class space    used 1462K, committed 1600K, reserved 1048576K
}
Event: 1.911 GC heap before
{Heap before GC invocations=4 (full 0):
 garbage-first heap   total 125952K, used 87952K [0x0000000087e00000, 0x0000000100000000)
  region size 1024K, 73 young (74752K), 9 survivors (9216K)
 Metaspace       used 16438K, committed 16704K, reserved 1114112K
  class space    used 1462K, committed 1600K, reserved 1048576K
}
Event: 1.927 GC heap after
{Heap after GC invocations=5 (full 0):
 garbage-first heap   total 125952K, used 31632K [0x0000000087e00000, 0x0000000100000000)
  region size 1024K, 10 young (10240K), 10 survivors (10240K)
 Metaspace       used 16438K, committed 16704K, reserved 1114112K
  class space    used 1462K, committed 1600K, reserved 1048576K
}
Event: 2.047 GC heap before
{Heap before GC invocations=5 (full 0):
 garbage-first heap   total 125952K, used 99216K [0x0000000087e00000, 0x0000000100000000)
  region size 1024K, 73 young (74752K), 10 survivors (10240K)
 Metaspace       used 16438K, committed 16704K, reserved 1114112K
  class space    used 1462K, committed 1600K, reserved 1048576K
}
Event: 2.067 GC heap after
{Heap after GC invocations=6 (full 0):
 garbage-first heap   total 229376K, used 42896K [0x0000000087e00000, 0x0000000100000000)
  region size 1024K, 10 young (10240K), 10 survivors (10240K)
 Metaspace       used 16438K, committed 16704K, reserved 1114112K
  class space    used 1462K, committed 1600K, reserved 1048576K
}
Event: 2.295 GC heap before
{Heap before GC invocations=6 (full 0):
 garbage-first heap   total 229376K, used 145296K [0x0000000087e00000, 0x0000000100000000)
  region size 1024K, 102 young (104448K), 10 survivors (10240K)
 Metaspace       used 16478K, committed 16768K, reserved 1114112K
  class space    used 1464K, committed 1600K, reserved 1048576K
}
Event: 2.342 GC heap after
{Heap after GC invocations=7 (full 0):
 garbage-first heap   total 229376K, used 91536K [0x0000000087e00000, 0x0000000100000000)
  region size 1024K, 13 young (13312K), 13 survivors (13312K)
 Metaspace       used 16478K, committed 16768K, reserved 1114112K
  class space    used 1464K, committed 1600K, reserved 1048576K
}
Event: 2.475 GC heap before
{Heap before GC invocations=7 (full 0):
 garbage-first heap   total 229376K, used 131472K [0x0000000087e00000, 0x0000000100000000)
  region size 1024K, 40 young (40960K), 13 survivors (13312K)
 Metaspace       used 16484K, committed 16768K, reserved 1114112K
  class space    used 1464K, committed 1600K, reserved 1048576K
}
Event: 2.503 GC heap after
{Heap after GC invocations=8 (full 0):
 garbage-first heap   total 229376K, used 117648K [0x0000000087e00000, 0x0000000100000000)
  region size 1024K, 5 young (5120K), 5 survivors (5120K)
 Metaspace       used 16484K, committed 16768K, reserved 1114112K
  class space    used 1464K, committed 1600K, reserved 1048576K
}
Event: 2.509 GC heap before
{Heap before GC invocations=8 (full 0):
 garbage-first heap   total 229376K, used 121744K [0x0000000087e00000, 0x0000000100000000)
  region size 1024K, 10 young (10240K), 5 survivors (5120K)
 Metaspace       used 16484K, committed 16768K, reserved 1114112K
  class space    used 1464K, committed 1600K, reserved 1048576K
}
Event: 2.516 GC heap after
{Heap after GC invocations=9 (full 0):
 garbage-first heap   total 229376K, used 123215K [0x0000000087e00000, 0x0000000100000000)
  region size 1024K, 5 young (5120K), 5 survivors (5120K)
 Metaspace       used 16484K, committed 16768K, reserved 1114112K
  class space    used 1464K, committed 1600K, reserved 1048576K
}
Event: 2.611 GC heap before
{Heap before GC invocations=9 (full 0):
 garbage-first heap   total 229376K, used 185679K [0x0000000087e00000, 0x0000000100000000)
  region size 1024K, 46 young (47104K), 5 survivors (5120K)
 Metaspace       used 16485K, committed 16768K, reserved 1114112K
  class space    used 1464K, committed 1600K, reserved 1048576K
}
Event: 2.647 GC heap after
{Heap after GC invocations=10 (full 0):
 garbage-first heap   total 654336K, used 168501K [0x0000000087e00000, 0x0000000100000000)
  region size 1024K, 6 young (6144K), 6 survivors (6144K)
 Metaspace       used 16485K, committed 16768K, reserved 1114112K
  class space    used 1464K, committed 1600K, reserved 1048576K
}
Event: 2.949 GC heap before
{Heap before GC invocations=11 (full 0):
 garbage-first heap   total 580608K, used 220725K [0x0000000087e00000, 0x0000000100000000)
  region size 1024K, 51 young (52224K), 6 survivors (6144K)
 Metaspace       used 16488K, committed 16768K, reserved 1114112K
  class space    used 1464K, committed 1600K, reserved 1048576K
}
Event: 2.984 GC heap after
{Heap after GC invocations=12 (full 0):
 garbage-first heap   total 580608K, used 195815K [0x0000000087e00000, 0x0000000100000000)
  region size 1024K, 7 young (7168K), 7 survivors (7168K)
 Metaspace       used 16488K, committed 16768K, reserved 1114112K
  class space    used 1464K, committed 1600K, reserved 1048576K
}

